This file contains any messages produced by compilers while
running configure, to aid debugging if configure makes a mistake.

It was created by configure, which was
generated by GNU Autoconf 2.69.  Invocation command line was

  $ ./configure 

## --------- ##
## Platform. ##
## --------- ##

hostname = localhost
uname -m = i686
uname -r = 3.12.0-031200rc3-generic
uname -s = Linux
uname -v = #201309291835 SMP Sun Sep 29 22:46:02 UTC 2013

/usr/bin/uname -p = unknown
/bin/uname -X     = unknown

/bin/arch              = unknown
/usr/bin/arch -k       = unknown
/usr/convex/getsysinfo = unknown
/usr/bin/hostinfo      = unknown
/bin/machine           = unknown
/usr/bin/oslevel       = unknown
/bin/universe          = unknown

PATH: /usr/local/bin
PATH: /usr/bin
PATH: /bin
PATH: /usr/local/games
PATH: /usr/games


## ----------- ##
## Core tests. ##
## ----------- ##

configure:2262: checking build system type
configure:2276: result: i686-pc-linux-gnu
configure:2296: checking host system type
configure:2309: result: i686-pc-linux-gnu
configure:2329: checking target system type
configure:2342: result: i686-pc-linux-gnu
configure:2373: checking whether make sets $(MAKE)
configure:2395: result: yes
configure:2452: checking for gcc
configure:2468: found /usr/bin/gcc
configure:2479: result: gcc
configure:2708: checking for C compiler version
configure:2717: gcc --version >&5
gcc (Debian 4.7.2-5) 4.7.2
Copyright (C) 2012 Free Software Foundation, Inc.
This is free software; see the source for copying conditions.  There is NO
warranty; not even for MERCHANTABILITY or FITNESS FOR A PARTICULAR PURPOSE.

configure:2728: $? = 0
configure:2717: gcc -v >&5
Using built-in specs.
COLLECT_GCC=gcc
COLLECT_LTO_WRAPPER=/usr/lib/gcc/i486-linux-gnu/4.7/lto-wrapper
Target: i486-linux-gnu
Configured with: ../src/configure -v --with-pkgversion='Debian 4.7.2-5' --with-bugurl=file:///usr/share/doc/gcc-4.7/README.Bugs --enable-languages=c,c++,go,fortran,objc,obj-c++ --prefix=/usr --program-suffix=-4.7 --enable-shared --enable-linker-build-id --with-system-zlib --libexecdir=/usr/lib --without-included-gettext --enable-threads=posix --with-gxx-include-dir=/usr/include/c++/4.7 --libdir=/usr/lib --enable-nls --with-sysroot=/ --enable-clocale=gnu --enable-libstdcxx-debug --enable-libstdcxx-time=yes --enable-gnu-unique-object --enable-plugin --enable-objc-gc --enable-targets=all --with-arch-32=i586 --with-tune=generic --enable-checking=release --build=i486-linux-gnu --host=i486-linux-gnu --target=i486-linux-gnu
Thread model: posix
gcc version 4.7.2 (Debian 4.7.2-5) 
configure:2728: $? = 0
configure:2717: gcc -V >&5
gcc: error: unrecognized command line option '-V'
gcc: fatal error: no input files
compilation terminated.
configure:2728: $? = 4
configure:2717: gcc -qversion >&5
gcc: error: unrecognized command line option '-qversion'
gcc: fatal error: no input files
compilation terminated.
configure:2728: $? = 4
configure:2748: checking whether the C compiler works
configure:2770: gcc    conftest.c  >&5
configure:2774: $? = 0
configure:2822: result: yes
configure:2825: checking for C compiler default output file name
configure:2827: result: a.out
configure:2833: checking for suffix of executables
configure:2840: gcc -o conftest    conftest.c  >&5
configure:2844: $? = 0
configure:2866: result: 
configure:2888: checking whether we are cross compiling
configure:2896: gcc -o conftest    conftest.c  >&5
configure:2900: $? = 0
configure:2907: ./conftest
configure:2911: $? = 0
configure:2926: result: no
configure:2931: checking for suffix of object files
configure:2953: gcc -c   conftest.c >&5
configure:2957: $? = 0
configure:2978: result: o
configure:2982: checking whether we are using the GNU C compiler
configure:3001: gcc -c   conftest.c >&5
configure:3001: $? = 0
configure:3010: result: yes
configure:3019: checking whether gcc accepts -g
configure:3039: gcc -c -g  conftest.c >&5
configure:3039: $? = 0
configure:3080: result: yes
configure:3097: checking for gcc option to accept ISO C89
configure:3160: gcc  -c -g -O2  conftest.c >&5
configure:3160: $? = 0
configure:3173: result: none needed
configure:3251: checking for g++
configure:3267: found /usr/bin/g++
configure:3278: result: g++
configure:3305: checking for C++ compiler version
configure:3314: g++ --version >&5
g++ (Debian 4.7.2-5) 4.7.2
Copyright (C) 2012 Free Software Foundation, Inc.
This is free software; see the source for copying conditions.  There is NO
warranty; not even for MERCHANTABILITY or FITNESS FOR A PARTICULAR PURPOSE.

configure:3325: $? = 0
configure:3314: g++ -v >&5
Using built-in specs.
COLLECT_GCC=g++
COLLECT_LTO_WRAPPER=/usr/lib/gcc/i486-linux-gnu/4.7/lto-wrapper
Target: i486-linux-gnu
Configured with: ../src/configure -v --with-pkgversion='Debian 4.7.2-5' --with-bugurl=file:///usr/share/doc/gcc-4.7/README.Bugs --enable-languages=c,c++,go,fortran,objc,obj-c++ --prefix=/usr --program-suffix=-4.7 --enable-shared --enable-linker-build-id --with-system-zlib --libexecdir=/usr/lib --without-included-gettext --enable-threads=posix --with-gxx-include-dir=/usr/include/c++/4.7 --libdir=/usr/lib --enable-nls --with-sysroot=/ --enable-clocale=gnu --enable-libstdcxx-debug --enable-libstdcxx-time=yes --enable-gnu-unique-object --enable-plugin --enable-objc-gc --enable-targets=all --with-arch-32=i586 --with-tune=generic --enable-checking=release --build=i486-linux-gnu --host=i486-linux-gnu --target=i486-linux-gnu
Thread model: posix
gcc version 4.7.2 (Debian 4.7.2-5) 
configure:3325: $? = 0
configure:3314: g++ -V >&5
g++: error: unrecognized command line option '-V'
g++: fatal error: no input files
compilation terminated.
configure:3325: $? = 4
configure:3314: g++ -qversion >&5
g++: error: unrecognized command line option '-qversion'
g++: fatal error: no input files
compilation terminated.
configure:3325: $? = 4
configure:3329: checking whether we are using the GNU C++ compiler
configure:3348: g++ -c   conftest.cpp >&5
configure:3348: $? = 0
configure:3357: result: yes
configure:3366: checking whether g++ accepts -g
configure:3386: g++ -c -g  conftest.cpp >&5
configure:3386: $? = 0
configure:3427: result: yes
configure:3464: checking for a BSD-compatible install
configure:3532: result: /usr/bin/install -c
configure:3586: checking for strip
configure:3602: found /usr/bin/strip
configure:3613: result: strip
configure:3678: checking for pkg-config
configure:3694: found /usr/bin/pkg-config
configure:3705: result: pkg-config
configure:3848: checking for mad_decoder_init in -lmad
configure:3873: gcc -o conftest -g -O2  -L/home/debian/code.dvb/dvbcut-0.5.4+svn178/ffmpeg/lib  conftest.c -lmad   >&5
configure:3873: $? = 0
configure:3882: result: yes
configure:3894: checking for a52_init in -la52
configure:3919: gcc -o conftest -g -O2  -L/home/debian/code.dvb/dvbcut-0.5.4+svn178/ffmpeg/lib  conftest.c -la52 -lm  -lmad >&5
configure:3919: $? = 0
configure:3928: result: yes
configure:3945: checking for ao_initialize in -lao
configure:3970: gcc -o conftest -g -O2  -L/home/debian/code.dvb/dvbcut-0.5.4+svn178/ffmpeg/lib  conftest.c -lao   -lmad -la52 -lm >&5
configure:3970: $? = 0
configure:3979: result: yes
configure:4006: checking how to run the C preprocessor
configure:4037: gcc -E  conftest.c
configure:4037: $? = 0
configure:4051: gcc -E  conftest.c
conftest.c:12:28: fatal error: ac_nonexistent.h: No such file or directory
compilation terminated.
configure:4051: $? = 1
configure: failed program was:
| /* confdefs.h */
| #define PACKAGE_NAME ""
| #define PACKAGE_TARNAME ""
| #define PACKAGE_VERSION ""
| #define PACKAGE_STRING ""
| #define PACKAGE_BUGREPORT ""
| #define PACKAGE_URL ""
| #define HAVE_LIB_MAD 1
| #define HAVE_LIB_A52 1
| #define HAVE_LIB_AO 1
| /* end confdefs.h.  */
| #include <ac_nonexistent.h>
configure:4076: result: gcc -E
configure:4096: gcc -E  conftest.c
configure:4096: $? = 0
configure:4110: gcc -E  conftest.c
conftest.c:12:28: fatal error: ac_nonexistent.h: No such file or directory
compilation terminated.
configure:4110: $? = 1
configure: failed program was:
| /* confdefs.h */
| #define PACKAGE_NAME ""
| #define PACKAGE_TARNAME ""
| #define PACKAGE_VERSION ""
| #define PACKAGE_STRING ""
| #define PACKAGE_BUGREPORT ""
| #define PACKAGE_URL ""
| #define HAVE_LIB_MAD 1
| #define HAVE_LIB_A52 1
| #define HAVE_LIB_AO 1
| /* end confdefs.h.  */
| #include <ac_nonexistent.h>
configure:4139: checking for grep that handles long lines and -e
configure:4197: result: /bin/grep
configure:4202: checking for egrep
configure:4264: result: /bin/grep -E
configure:4269: checking for ANSI C header files
configure:4289: gcc -c -g -O2  conftest.c >&5
configure:4289: $? = 0
configure:4362: gcc -o conftest -g -O2  -L/home/debian/code.dvb/dvbcut-0.5.4+svn178/ffmpeg/lib  conftest.c  -lmad -la52 -lm -lao  >&5
configure:4362: $? = 0
configure:4362: ./conftest
configure:4362: $? = 0
configure:4373: result: yes
configure:4386: checking for sys/types.h
configure:4386: gcc -c -g -O2  conftest.c >&5
configure:4386: $? = 0
configure:4386: result: yes
configure:4386: checking for sys/stat.h
configure:4386: gcc -c -g -O2  conftest.c >&5
configure:4386: $? = 0
configure:4386: result: yes
configure:4386: checking for stdlib.h
configure:4386: gcc -c -g -O2  conftest.c >&5
configure:4386: $? = 0
configure:4386: result: yes
configure:4386: checking for string.h
configure:4386: gcc -c -g -O2  conftest.c >&5
configure:4386: $? = 0
configure:4386: result: yes
configure:4386: checking for memory.h
configure:4386: gcc -c -g -O2  conftest.c >&5
configure:4386: $? = 0
configure:4386: result: yes
configure:4386: checking for strings.h
configure:4386: gcc -c -g -O2  conftest.c >&5
configure:4386: $? = 0
configure:4386: result: yes
configure:4386: checking for inttypes.h
configure:4386: gcc -c -g -O2  conftest.c >&5
configure:4386: $? = 0
configure:4386: result: yes
configure:4386: checking for stdint.h
configure:4386: gcc -c -g -O2  conftest.c >&5
configure:4386: $? = 0
configure:4386: result: yes
configure:4386: checking for unistd.h
configure:4386: gcc -c -g -O2  conftest.c >&5
configure:4386: $? = 0
configure:4386: result: yes
configure:4401: checking ao/ao.h usability
configure:4401: gcc -c -g -O2  conftest.c >&5
configure:4401: $? = 0
configure:4401: result: yes
configure:4401: checking ao/ao.h presence
configure:4401: gcc -E  conftest.c
configure:4401: $? = 0
configure:4401: result: yes
configure:4401: checking for ao/ao.h
configure:4401: result: yes
configure:4401: checking mad.h usability
configure:4401: gcc -c -g -O2  conftest.c >&5
configure:4401: $? = 0
configure:4401: result: yes
configure:4401: checking mad.h presence
configure:4401: gcc -E  conftest.c
configure:4401: $? = 0
configure:4401: result: yes
configure:4401: checking for mad.h
configure:4401: result: yes
configure:4401: checking for stdint.h
configure:4401: result: yes
configure:4401: checking a52dec/a52.h usability
configure:4401: gcc -c -g -O2  conftest.c >&5
configure:4401: $? = 0
configure:4401: result: yes
configure:4401: checking a52dec/a52.h presence
configure:4401: gcc -E  conftest.c
configure:4401: $? = 0
configure:4401: result: yes
configure:4401: checking for a52dec/a52.h
configure:4401: result: yes
configure:4424: checking for an ANSI C-conforming const
configure:4490: gcc -c -g -O2  -I/home/debian/code.dvb/dvbcut-0.5.4+svn178/ffmpeg/include -I/home/debian/code.dvb/dvbcut-0.5.4+svn178/ffmpeg/include/ffmpeg conftest.c >&5
configure:4490: $? = 0
configure:4497: result: yes
configure:4505: checking for off_t
configure:4505: gcc -c -g -O2  -I/home/debian/code.dvb/dvbcut-0.5.4+svn178/ffmpeg/include -I/home/debian/code.dvb/dvbcut-0.5.4+svn178/ffmpeg/include/ffmpeg conftest.c >&5
configure:4505: $? = 0
configure:4505: gcc -c -g -O2  -I/home/debian/code.dvb/dvbcut-0.5.4+svn178/ffmpeg/include -I/home/debian/code.dvb/dvbcut-0.5.4+svn178/ffmpeg/include/ffmpeg conftest.c >&5
conftest.c: In function 'main':
conftest.c:62:20: error: expected expression before ')' token
configure:4505: $? = 1
configure: failed program was:
| /* confdefs.h */
| #define PACKAGE_NAME ""
| #define PACKAGE_TARNAME ""
| #define PACKAGE_VERSION ""
| #define PACKAGE_STRING ""
| #define PACKAGE_BUGREPORT ""
| #define PACKAGE_URL ""
| #define HAVE_LIB_MAD 1
| #define HAVE_LIB_A52 1
| #define HAVE_LIB_AO 1
| #define STDC_HEADERS 1
| #define HAVE_SYS_TYPES_H 1
| #define HAVE_SYS_STAT_H 1
| #define HAVE_STDLIB_H 1
| #define HAVE_STRING_H 1
| #define HAVE_MEMORY_H 1
| #define HAVE_STRINGS_H 1
| #define HAVE_INTTYPES_H 1
| #define HAVE_STDINT_H 1
| #define HAVE_UNISTD_H 1
| #define HAVE_AO_AO_H 1
| #define HAVE_MAD_H 1
| #define HAVE_STDINT_H 1
| #define HAVE_A52DEC_A52_H 1
| /* end confdefs.h.  */
| #include <stdio.h>
| #ifdef HAVE_SYS_TYPES_H
| # include <sys/types.h>
| #endif
| #ifdef HAVE_SYS_STAT_H
| # include <sys/stat.h>
| #endif
| #ifdef STDC_HEADERS
| # include <stdlib.h>
| # include <stddef.h>
| #else
| # ifdef HAVE_STDLIB_H
| #  include <stdlib.h>
| # endif
| #endif
| #ifdef HAVE_STRING_H
| # if !defined STDC_HEADERS && defined HAVE_MEMORY_H
| #  include <memory.h>
| # endif
| # include <string.h>
| #endif
| #ifdef HAVE_STRINGS_H
| # include <strings.h>
| #endif
| #ifdef HAVE_INTTYPES_H
| # include <inttypes.h>
| #endif
| #ifdef HAVE_STDINT_H
| # include <stdint.h>
| #endif
| #ifdef HAVE_UNISTD_H
| # include <unistd.h>
| #endif
| int
| main ()
| {
| if (sizeof ((off_t)))
| 	    return 0;
|   ;
|   return 0;
| }
configure:4505: result: yes
configure:4516: checking for size_t
configure:4516: gcc -c -g -O2  -I/home/debian/code.dvb/dvbcut-0.5.4+svn178/ffmpeg/include -I/home/debian/code.dvb/dvbcut-0.5.4+svn178/ffmpeg/include/ffmpeg conftest.c >&5
configure:4516: $? = 0
configure:4516: gcc -c -g -O2  -I/home/debian/code.dvb/dvbcut-0.5.4+svn178/ffmpeg/include -I/home/debian/code.dvb/dvbcut-0.5.4+svn178/ffmpeg/include/ffmpeg conftest.c >&5
conftest.c: In function 'main':
conftest.c:62:21: error: expected expression before ')' token
configure:4516: $? = 1
configure: failed program was:
| /* confdefs.h */
| #define PACKAGE_NAME ""
| #define PACKAGE_TARNAME ""
| #define PACKAGE_VERSION ""
| #define PACKAGE_STRING ""
| #define PACKAGE_BUGREPORT ""
| #define PACKAGE_URL ""
| #define HAVE_LIB_MAD 1
| #define HAVE_LIB_A52 1
| #define HAVE_LIB_AO 1
| #define STDC_HEADERS 1
| #define HAVE_SYS_TYPES_H 1
| #define HAVE_SYS_STAT_H 1
| #define HAVE_STDLIB_H 1
| #define HAVE_STRING_H 1
| #define HAVE_MEMORY_H 1
| #define HAVE_STRINGS_H 1
| #define HAVE_INTTYPES_H 1
| #define HAVE_STDINT_H 1
| #define HAVE_UNISTD_H 1
| #define HAVE_AO_AO_H 1
| #define HAVE_MAD_H 1
| #define HAVE_STDINT_H 1
| #define HAVE_A52DEC_A52_H 1
| /* end confdefs.h.  */
| #include <stdio.h>
| #ifdef HAVE_SYS_TYPES_H
| # include <sys/types.h>
| #endif
| #ifdef HAVE_SYS_STAT_H
| # include <sys/stat.h>
| #endif
| #ifdef STDC_HEADERS
| # include <stdlib.h>
| # include <stddef.h>
| #else
| # ifdef HAVE_STDLIB_H
| #  include <stdlib.h>
| # endif
| #endif
| #ifdef HAVE_STRING_H
| # if !defined STDC_HEADERS && defined HAVE_MEMORY_H
| #  include <memory.h>
| # endif
| # include <string.h>
| #endif
| #ifdef HAVE_STRINGS_H
| # include <strings.h>
| #endif
| #ifdef HAVE_INTTYPES_H
| # include <inttypes.h>
| #endif
| #ifdef HAVE_STDINT_H
| # include <stdint.h>
| #endif
| #ifdef HAVE_UNISTD_H
| # include <unistd.h>
| #endif
| int
| main ()
| {
| if (sizeof ((size_t)))
| 	    return 0;
|   ;
|   return 0;
| }
configure:4516: result: yes
configure:4534: checking for stdlib.h
configure:4534: result: yes
configure:4534: checking for unistd.h
configure:4534: result: yes
configure:4534: checking for sys/param.h
configure:4534: gcc -c -g -O2  -I/home/debian/code.dvb/dvbcut-0.5.4+svn178/ffmpeg/include -I/home/debian/code.dvb/dvbcut-0.5.4+svn178/ffmpeg/include/ffmpeg conftest.c >&5
configure:4534: $? = 0
configure:4534: result: yes
configure:4554: checking for getpagesize
configure:4554: gcc -o conftest -g -O2  -I/home/debian/code.dvb/dvbcut-0.5.4+svn178/ffmpeg/include -I/home/debian/code.dvb/dvbcut-0.5.4+svn178/ffmpeg/include/ffmpeg -L/home/debian/code.dvb/dvbcut-0.5.4+svn178/ffmpeg/lib  conftest.c  -lmad -la52 -lm -lao  >&5
configure:4554: $? = 0
configure:4554: result: yes
configure:4563: checking for working mmap
configure:4710: gcc -o conftest -g -O2  -I/home/debian/code.dvb/dvbcut-0.5.4+svn178/ffmpeg/include -I/home/debian/code.dvb/dvbcut-0.5.4+svn178/ffmpeg/include/ffmpeg -L/home/debian/code.dvb/dvbcut-0.5.4+svn178/ffmpeg/lib  conftest.c  -lmad -la52 -lm -lao  >&5
configure:4710: $? = 0
configure:4710: ./conftest
configure:4710: $? = 0
configure:4720: result: yes
configure:4765: checking for main in -lQtCore
configure:4784: gcc -o conftest -g -O2  -I/home/debian/code.dvb/dvbcut-0.5.4+svn178/ffmpeg/include -I/home/debian/code.dvb/dvbcut-0.5.4+svn178/ffmpeg/include/ffmpeg -I/include -L/home/debian/code.dvb/dvbcut-0.5.4+svn178/ffmpeg/lib  -L/lib conftest.c -lQtCore   -lmad -la52 -lm -lao  >&5
configure:4784: $? = 0
configure:4793: result: yes
configure:4802: checking for main in -lQt3Support
configure:4821: gcc -o conftest -g -O2  -I/home/debian/code.dvb/dvbcut-0.5.4+svn178/ffmpeg/include -I/home/debian/code.dvb/dvbcut-0.5.4+svn178/ffmpeg/include/ffmpeg -I/include -L/home/debian/code.dvb/dvbcut-0.5.4+svn178/ffmpeg/lib  -L/lib conftest.c -lQt3Support   -lmad -la52 -lm -lao  >&5
configure:4821: $? = 0
configure:4830: result: yes
configure:4839: checking for main in -lQtGui
configure:4858: gcc -o conftest -g -O2  -I/home/debian/code.dvb/dvbcut-0.5.4+svn178/ffmpeg/include -I/home/debian/code.dvb/dvbcut-0.5.4+svn178/ffmpeg/include/ffmpeg -I/include -L/home/debian/code.dvb/dvbcut-0.5.4+svn178/ffmpeg/lib  -L/lib conftest.c -lQtGui   -lmad -la52 -lm -lao  >&5
configure:4858: $? = 0
configure:4867: result: yes
configure:4876: checking for main in -lQtXml
configure:4895: gcc -o conftest -g -O2  -I/home/debian/code.dvb/dvbcut-0.5.4+svn178/ffmpeg/include -I/home/debian/code.dvb/dvbcut-0.5.4+svn178/ffmpeg/include/ffmpeg -I/include -L/home/debian/code.dvb/dvbcut-0.5.4+svn178/ffmpeg/lib  -L/lib conftest.c -lQtXml   -lmad -la52 -lm -lao  >&5
configure:4895: $? = 0
configure:4904: result: yes
configure:5084: creating ./config.status

## ---------------------- ##
## Running config.status. ##
## ---------------------- ##

This file was extended by config.status, which was
generated by GNU Autoconf 2.69.  Invocation command line was

  CONFIG_FILES    = 
  CONFIG_HEADERS  = 
  CONFIG_LINKS    = 
  CONFIG_COMMANDS = 
  $ ./config.status 

on localhost

config.status:757: creating makefile
config.status:757: creating src/Makefile
config.status:757: creating dvbcut.desktop

## ---------------- ##
## Cache variables. ##
## ---------------- ##

ac_cv_build=i686-pc-linux-gnu
ac_cv_c_compiler_gnu=yes
ac_cv_c_const=yes
ac_cv_cxx_compiler_gnu=yes
ac_cv_env_CCC_set=
ac_cv_env_CCC_value=
ac_cv_env_CC_set=
ac_cv_env_CC_value=
ac_cv_env_CFLAGS_set=
ac_cv_env_CFLAGS_value=
ac_cv_env_CPPFLAGS_set=
ac_cv_env_CPPFLAGS_value=
ac_cv_env_CPP_set=
ac_cv_env_CPP_value=
ac_cv_env_CXXFLAGS_set=
ac_cv_env_CXXFLAGS_value=
ac_cv_env_CXX_set=
ac_cv_env_CXX_value=
ac_cv_env_LDFLAGS_set=
ac_cv_env_LDFLAGS_value=
ac_cv_env_LIBS_set=
ac_cv_env_LIBS_value=
ac_cv_env_build_alias_set=
ac_cv_env_build_alias_value=
ac_cv_env_host_alias_set=
ac_cv_env_host_alias_value=
ac_cv_env_target_alias_set=
ac_cv_env_target_alias_value=
ac_cv_func_getpagesize=yes
ac_cv_func_mmap_fixed_mapped=yes
ac_cv_header_a52dec_a52_h=yes
ac_cv_header_ao_ao_h=yes
ac_cv_header_inttypes_h=yes
ac_cv_header_mad_h=yes
ac_cv_header_memory_h=yes
ac_cv_header_stdc=yes
ac_cv_header_stdint_h=yes
ac_cv_header_stdlib_h=yes
ac_cv_header_string_h=yes
ac_cv_header_strings_h=yes
ac_cv_header_sys_param_h=yes
ac_cv_header_sys_stat_h=yes
ac_cv_header_sys_types_h=yes
ac_cv_header_unistd_h=yes
ac_cv_host=i686-pc-linux-gnu
ac_cv_lib_Qt3Support_main=yes
ac_cv_lib_QtCore_main=yes
ac_cv_lib_QtGui_main=yes
ac_cv_lib_QtXml_main=yes
ac_cv_lib_a52_a52_init=yes
ac_cv_lib_ao_ao_initialize=yes
ac_cv_lib_mad_mad_decoder_init=yes
ac_cv_objext=o
ac_cv_path_EGREP='/bin/grep -E'
ac_cv_path_GREP=/bin/grep
ac_cv_path_install='/usr/bin/install -c'
ac_cv_prog_CPP='gcc -E'
ac_cv_prog_ac_ct_CC=gcc
ac_cv_prog_ac_ct_CXX=g++
ac_cv_prog_ac_ct_PKG_CONFIG=pkg-config
ac_cv_prog_ac_ct_STRIP=strip
ac_cv_prog_cc_c89=
ac_cv_prog_cc_g=yes
ac_cv_prog_cxx_g=yes
ac_cv_prog_make_make_set=yes
ac_cv_target=i686-pc-linux-gnu
ac_cv_type_off_t=yes
ac_cv_type_size_t=yes

## ----------------- ##
## Output variables. ##
## ----------------- ##

CC='gcc'
CFLAGS='-g -O2'
CONFIGURE_ARGS=''
CPP='gcc -E'
CPPFLAGS=' -I/home/debian/code.dvb/dvbcut-0.5.4+svn178/ffmpeg/include -I/home/debian/code.dvb/dvbcut-0.5.4+svn178/ffmpeg/include/ffmpeg -I/include -DQT_SHARED -DQT3_SUPPORT -I/usr/include/qt4 -I/usr/include/qt4/Qt3Support -I/usr/include/qt4/QtCore -I/usr/include/qt4/QtGui -I/usr/include/qt4/QtNetwork -I/usr/include/qt4/QtSql -I/usr/include/qt4/QtXml  '
CXX='g++'
CXXFLAGS='-g -O2'
DEFS='-DPACKAGE_NAME=\"\" -DPACKAGE_TARNAME=\"\" -DPACKAGE_VERSION=\"\" -DPACKAGE_STRING=\"\" -DPACKAGE_BUGREPORT=\"\" -DPACKAGE_URL=\"\" -DHAVE_LIB_MAD=1 -DHAVE_LIB_A52=1 -DHAVE_LIB_AO=1 -DSTDC_HEADERS=1 -DHAVE_SYS_TYPES_H=1 -DHAVE_SYS_STAT_H=1 -DHAVE_STDLIB_H=1 -DHAVE_STRING_H=1 -DHAVE_MEMORY_H=1 -DHAVE_STRINGS_H=1 -DHAVE_INTTYPES_H=1 -DHAVE_STDINT_H=1 -DHAVE_UNISTD_H=1 -DHAVE_AO_AO_H=1 -DHAVE_MAD_H=1 -DHAVE_STDINT_H=1 -DHAVE_A52DEC_A52_H=1 -DHAVE_STDLIB_H=1 -DHAVE_UNISTD_H=1 -DHAVE_SYS_PARAM_H=1 -DHAVE_GETPAGESIZE=1 -DHAVE_MMAP=1 -D__STDC_LIMIT_MACROS=1 -D__STDC_CONSTANT_MACROS=1 -D_FILE_OFFSET_BITS=64'
ECHO_C=''
ECHO_N='-n'
ECHO_T=''
EGREP='/bin/grep -E'
EXEEXT=''
FFMPEG_LIBS='-lavformat -lavcodec -lavutil'
GREP='/bin/grep'
INSTALL_DATA='${INSTALL} -m 644'
INSTALL_PROGRAM='${INSTALL}'
INSTALL_SCRIPT='${INSTALL}'
LDFLAGS='-L/home/debian/code.dvb/dvbcut-0.5.4+svn178/ffmpeg/lib  -L/lib'
LIBOBJS=''
LIBS=' -lmad -la52 -lm -lao  -lQt3Support -lQtNetwork -lQtSql -lQtGui -lQtXml -lQtCore  '
LTLIBOBJS=''
OBJEXT='o'
PACKAGE_BUGREPORT=''
PACKAGE_NAME=''
PACKAGE_STRING=''
PACKAGE_TARNAME=''
PACKAGE_URL=''
PACKAGE_VERSION=''
PATH_SEPARATOR=':'
PKG_CONFIG='pkg-config'
QTDIR=''
SET_MAKE=''
SHELL='/bin/bash'
STDLIB=''
STRIP='strip'
ac_ct_CC='gcc'
ac_ct_CXX='g++'
bindir='${exec_prefix}/bin'
build='i686-pc-linux-gnu'
build_alias=''
build_cpu='i686'
build_os='linux-gnu'
build_vendor='pc'
datadir='${datarootdir}'
datarootdir='${prefix}/share'
docdir='${datarootdir}/doc/${PACKAGE}'
dvidir='${docdir}'
exec_prefix='${prefix}'
ffmpeg_internal='ffmpeg_internal'
ffmpeg_prefix='/home/debian/code.dvb/dvbcut-0.5.4+svn178/ffmpeg'
host='i686-pc-linux-gnu'
host_alias=''
host_cpu='i686'
host_os='linux-gnu'
host_vendor='pc'
htmldir='${docdir}'
includedir='${prefix}/include'
infodir='${datarootdir}/info'
libdir='${exec_prefix}/lib'
libexecdir='${exec_prefix}/libexec'
localedir='${datarootdir}/locale'
localstatedir='${prefix}/var'
mandir='${datarootdir}/man'
oldincludedir='/usr/include'
pdfdir='${docdir}'
prefix='/usr/local'
program_transform_name='s,x,x,'
psdir='${docdir}'
sbindir='${exec_prefix}/sbin'
sharedstatedir='${prefix}/com'
sysconfdir='${prefix}/etc'
target='i686-pc-linux-gnu'
target_alias=''
target_cpu='i686'
target_os='linux-gnu'
target_vendor='pc'

## ----------- ##
## confdefs.h. ##
## ----------- ##

/* confdefs.h */
#define PACKAGE_NAME ""
#define PACKAGE_TARNAME ""
#define PACKAGE_VERSION ""
#define PACKAGE_STRING ""
#define PACKAGE_BUGREPORT ""
#define PACKAGE_URL ""
#define HAVE_LIB_MAD 1
#define HAVE_LIB_A52 1
#define HAVE_LIB_AO 1
#define STDC_HEADERS 1
#define HAVE_SYS_TYPES_H 1
#define HAVE_SYS_STAT_H 1
#define HAVE_STDLIB_H 1
#define HAVE_STRING_H 1
#define HAVE_MEMORY_H 1
#define HAVE_STRINGS_H 1
#define HAVE_INTTYPES_H 1
#define HAVE_STDINT_H 1
#define HAVE_UNISTD_H 1
#define HAVE_AO_AO_H 1
#define HAVE_MAD_H 1
#define HAVE_STDINT_H 1
#define HAVE_A52DEC_A52_H 1
#define HAVE_STDLIB_H 1
#define HAVE_UNISTD_H 1
#define HAVE_SYS_PARAM_H 1
#define HAVE_GETPAGESIZE 1
#define HAVE_MMAP 1
#define __STDC_LIMIT_MACROS 1
#define __STDC_CONSTANT_MACROS 1
#define _FILE_OFFSET_BITS 64

configure: exit 0
